{
    "meta": {
        "version": "6.0.1",
        "timestamp": "2021-10-17T23:21:34.328330",
        "branch_coverage": true,
        "show_contexts": false
    },
    "files": {
        "book.py": {
            "executed_lines": [
                1,
                3,
                4,
                5,
                6,
                7,
                9,
                11,
                12,
                14,
                15,
                17,
                18,
                19,
                20,
                22,
                24,
                25,
                27,
                28,
                29,
                31,
                33,
                34
            ],
            "summary": {
                "covered_lines": 24,
                "num_statements": 24,
                "percent_covered": 100.0,
                "percent_covered_display": "100",
                "missing_lines": 0,
                "excluded_lines": 0,
                "num_branches": 6,
                "num_partial_branches": 0,
                "covered_branches": 6,
                "missing_branches": 0
            },
            "missing_lines": [],
            "excluded_lines": []
        },
        "inventory.py": {
            "executed_lines": [
                2,
                9,
                10,
                12,
                13,
                14,
                16,
                17,
                18,
                20,
                22,
                23,
                24,
                25,
                27,
                28,
                30,
                32,
                33,
                34,
                36,
                37,
                39,
                40,
                41,
                42,
                43,
                45,
                47,
                51,
                52,
                53,
                54,
                55,
                56,
                60,
                61,
                62,
                63,
                64,
                65,
                66,
                67,
                69,
                71,
                73
            ],
            "summary": {
                "covered_lines": 46,
                "num_statements": 49,
                "percent_covered": 92.7536231884058,
                "percent_covered_display": "93",
                "missing_lines": 3,
                "excluded_lines": 0,
                "num_branches": 20,
                "num_partial_branches": 0,
                "covered_branches": 18,
                "missing_branches": 2
            },
            "missing_lines": [
                48,
                49,
                74
            ],
            "excluded_lines": []
        }
    },
    "totals": {
        "covered_lines": 70,
        "num_statements": 73,
        "percent_covered": 94.94949494949495,
        "percent_covered_display": "95",
        "missing_lines": 3,
        "excluded_lines": 0,
        "num_branches": 26,
        "num_partial_branches": 0,
        "covered_branches": 24,
        "missing_branches": 2
    }
}